This is pdfTeX, Version 3.1415926-2.4-1.40.13 (TeX Live 2012) (format=pdflatex 2012.6.30)  9 MAY 2014 19:20
entering extended mode
 restricted \write18 enabled.
 file:line:error style messages enabled.
 %&-line parsing enabled.
**paper.tex
(./paper.tex
LaTeX2e <2011/06/27>
Babel <v3.8m> and hyphenation patterns for english, dumylang, nohyphenation, ge
rman-x-2012-05-30, ngerman-x-2012-05-30, afrikaans, ancientgreek, ibycus, arabi
c, armenian, basque, bulgarian, catalan, pinyin, coptic, croatian, czech, danis
h, dutch, ukenglish, usenglishmax, esperanto, estonian, ethiopic, farsi, finnis
h, french, friulan, galician, german, ngerman, swissgerman, monogreek, greek, h
ungarian, icelandic, assamese, bengali, gujarati, hindi, kannada, malayalam, ma
rathi, oriya, panjabi, tamil, telugu, indonesian, interlingua, irish, italian, 
kurmanji, latin, latvian, lithuanian, mongolian, mongolianlmc, bokmal, nynorsk,
 polish, portuguese, romanian, romansh, russian, sanskrit, serbian, serbianc, s
lovak, slovenian, spanish, swedish, turkish, turkmen, ukrainian, uppersorbian, 
welsh, loaded.
(/usr/local/texlive/2012/texmf-dist/tex/latex/base/article.cls
Document Class: article 2007/10/19 v1.4h Standard LaTeX document class
(/usr/local/texlive/2012/texmf-dist/tex/latex/base/size11.clo
File: size11.clo 2007/10/19 v1.4h Standard LaTeX file (size option)
)
\c@part=\count79
\c@section=\count80
\c@subsection=\count81
\c@subsubsection=\count82
\c@paragraph=\count83
\c@subparagraph=\count84
\c@figure=\count85
\c@table=\count86
\abovecaptionskip=\skip41
\belowcaptionskip=\skip42
\bibindent=\dimen102
)
(/usr/local/texlive/2012/texmf-dist/tex/latex/geometry/geometry.sty
Package: geometry 2010/09/12 v5.6 Page Geometry

(/usr/local/texlive/2012/texmf-dist/tex/latex/graphics/keyval.sty
Package: keyval 1999/03/16 v1.13 key=value parser (DPC)
\KV@toks@=\toks14
)
(/usr/local/texlive/2012/texmf-dist/tex/generic/oberdiek/ifpdf.sty
Package: ifpdf 2011/01/30 v2.3 Provides the ifpdf switch (HO)
Package ifpdf Info: pdfTeX in PDF mode is detected.
)
(/usr/local/texlive/2012/texmf-dist/tex/generic/oberdiek/ifvtex.sty
Package: ifvtex 2010/03/01 v1.5 Detect VTeX and its facilities (HO)
Package ifvtex Info: VTeX not detected.
)
(/usr/local/texlive/2012/texmf-dist/tex/generic/ifxetex/ifxetex.sty
Package: ifxetex 2010/09/12 v0.6 Provides ifxetex conditional
)
\Gm@cnth=\count87
\Gm@cntv=\count88
\c@Gm@tempcnt=\count89
\Gm@bindingoffset=\dimen103
\Gm@wd@mp=\dimen104
\Gm@odd@mp=\dimen105
\Gm@even@mp=\dimen106
\Gm@layoutwidth=\dimen107
\Gm@layoutheight=\dimen108
\Gm@layouthoffset=\dimen109
\Gm@layoutvoffset=\dimen110
\Gm@dimlist=\toks15
)
(/usr/local/texlive/2012/texmf-dist/tex/latex/graphics/graphicx.sty
Package: graphicx 1999/02/16 v1.0f Enhanced LaTeX Graphics (DPC,SPQR)

(/usr/local/texlive/2012/texmf-dist/tex/latex/graphics/graphics.sty
Package: graphics 2009/02/05 v1.0o Standard LaTeX Graphics (DPC,SPQR)

(/usr/local/texlive/2012/texmf-dist/tex/latex/graphics/trig.sty
Package: trig 1999/03/16 v1.09 sin cos tan (DPC)
)
(/usr/local/texlive/2012/texmf-dist/tex/latex/latexconfig/graphics.cfg
File: graphics.cfg 2010/04/23 v1.9 graphics configuration of TeX Live
)
Package graphics Info: Driver file: pdftex.def on input line 91.

(/usr/local/texlive/2012/texmf-dist/tex/latex/pdftex-def/pdftex.def
File: pdftex.def 2011/05/27 v0.06d Graphics/color for pdfTeX

(/usr/local/texlive/2012/texmf-dist/tex/generic/oberdiek/infwarerr.sty
Package: infwarerr 2010/04/08 v1.3 Providing info/warning/error messages (HO)
)
(/usr/local/texlive/2012/texmf-dist/tex/generic/oberdiek/ltxcmds.sty
Package: ltxcmds 2011/11/09 v1.22 LaTeX kernel commands for general use (HO)
)
\Gread@gobject=\count90
))
\Gin@req@height=\dimen111
\Gin@req@width=\dimen112
)
(/usr/local/texlive/2012/texmf-dist/tex/latex/amsfonts/amssymb.sty
Package: amssymb 2009/06/22 v3.00

(/usr/local/texlive/2012/texmf-dist/tex/latex/amsfonts/amsfonts.sty
Package: amsfonts 2009/06/22 v3.00 Basic AMSFonts support
\@emptytoks=\toks16
\symAMSa=\mathgroup4
\symAMSb=\mathgroup5
LaTeX Font Info:    Overwriting math alphabet `\mathfrak' in version `bold'
(Font)                  U/euf/m/n --> U/euf/b/n on input line 96.
))
(/usr/local/texlive/2012/texmf-dist/tex/latex/hyperref/hyperref.sty
Package: hyperref 2012/05/13 v6.82q Hypertext links for LaTeX

(/usr/local/texlive/2012/texmf-dist/tex/generic/oberdiek/hobsub-hyperref.sty
Package: hobsub-hyperref 2012/05/28 v1.13 Bundle oberdiek, subset hyperref (HO)


(/usr/local/texlive/2012/texmf-dist/tex/generic/oberdiek/hobsub-generic.sty
Package: hobsub-generic 2012/05/28 v1.13 Bundle oberdiek, subset generic (HO)
Package: hobsub 2012/05/28 v1.13 Construct package bundles (HO)
Package hobsub Info: Skipping package `infwarerr' (already loaded).
Package hobsub Info: Skipping package `ltxcmds' (already loaded).
Package: ifluatex 2010/03/01 v1.3 Provides the ifluatex switch (HO)
Package ifluatex Info: LuaTeX not detected.
Package hobsub Info: Skipping package `ifvtex' (already loaded).
Package: intcalc 2007/09/27 v1.1 Expandable calculations with integers (HO)
Package hobsub Info: Skipping package `ifpdf' (already loaded).
Package: etexcmds 2011/02/16 v1.5 Avoid name clashes with e-TeX commands (HO)
Package etexcmds Info: Could not find \expanded.
(etexcmds)             That can mean that you are not using pdfTeX 1.50 or
(etexcmds)             that some package has redefined \expanded.
(etexcmds)             In the latter case, load this package earlier.
Package: kvsetkeys 2012/04/25 v1.16 Key value parser (HO)
Package: kvdefinekeys 2011/04/07 v1.3 Define keys (HO)
Package: pdftexcmds 2011/11/29 v0.20 Utility functions of pdfTeX for LuaTeX (HO
)
Package pdftexcmds Info: LuaTeX not detected.
Package pdftexcmds Info: \pdf@primitive is available.
Package pdftexcmds Info: \pdf@ifprimitive is available.
Package pdftexcmds Info: \pdfdraftmode found.
Package: pdfescape 2011/11/25 v1.13 Implements pdfTeX's escape features (HO)
Package: bigintcalc 2012/04/08 v1.3 Expandable calculations on big integers (HO
)
Package: bitset 2011/01/30 v1.1 Handle bit-vector datatype (HO)
Package: uniquecounter 2011/01/30 v1.2 Provide unlimited unique counter (HO)
)
Package hobsub Info: Skipping package `hobsub' (already loaded).
Package: letltxmacro 2010/09/02 v1.4 Let assignment for LaTeX macros (HO)
Package: hopatch 2012/05/28 v1.2 Wrapper for package hooks (HO)
Package: xcolor-patch 2011/01/30 xcolor patch
Package: atveryend 2011/06/30 v1.8 Hooks at the very end of document (HO)
Package atveryend Info: \enddocument detected (standard20110627).
Package: atbegshi 2011/10/05 v1.16 At begin shipout hook (HO)
Package: refcount 2011/10/16 v3.4 Data extraction from label references (HO)
Package: hycolor 2011/01/30 v1.7 Color options for hyperref/bookmark (HO)
)
(/usr/local/texlive/2012/texmf-dist/tex/latex/oberdiek/kvoptions.sty
Package: kvoptions 2011/06/30 v3.11 Key value format for package options (HO)
)
\@linkdim=\dimen113
\Hy@linkcounter=\count91
\Hy@pagecounter=\count92

(/usr/local/texlive/2012/texmf-dist/tex/latex/hyperref/pd1enc.def
File: pd1enc.def 2012/05/13 v6.82q Hyperref: PDFDocEncoding definition (HO)
)
\Hy@SavedSpaceFactor=\count93

(/usr/local/texlive/2012/texmf-dist/tex/latex/latexconfig/hyperref.cfg
File: hyperref.cfg 2002/06/06 v1.2 hyperref configuration of TeXLive
)
Package hyperref Info: Hyper figures OFF on input line 4062.
Package hyperref Info: Link nesting OFF on input line 4067.
Package hyperref Info: Hyper index ON on input line 4070.
Package hyperref Info: Plain pages OFF on input line 4077.
Package hyperref Info: Backreferencing OFF on input line 4082.
Package hyperref Info: Implicit mode ON; LaTeX internals redefined.
Package hyperref Info: Bookmarks ON on input line 4300.
\c@Hy@tempcnt=\count94

(/usr/local/texlive/2012/texmf-dist/tex/latex/url/url.sty
\Urlmuskip=\muskip10
Package: url 2006/04/12  ver 3.3  Verb mode for urls, etc.
)
LaTeX Info: Redefining \url on input line 4653.
\Fld@menulength=\count95
\Field@Width=\dimen114
\Fld@charsize=\dimen115
Package hyperref Info: Hyper figures OFF on input line 5773.
Package hyperref Info: Link nesting OFF on input line 5778.
Package hyperref Info: Hyper index ON on input line 5781.
Package hyperref Info: backreferencing OFF on input line 5788.
Package hyperref Info: Link coloring OFF on input line 5793.
Package hyperref Info: Link coloring with OCG OFF on input line 5798.
Package hyperref Info: PDF/A mode OFF on input line 5803.
LaTeX Info: Redefining \ref on input line 5843.
LaTeX Info: Redefining \pageref on input line 5847.
\Hy@abspage=\count96
\c@Item=\count97
\c@Hfootnote=\count98
)

Package hyperref Message: Driver (autodetected): hpdftex.

(/usr/local/texlive/2012/texmf-dist/tex/latex/hyperref/hpdftex.def
File: hpdftex.def 2012/05/13 v6.82q Hyperref driver for pdfTeX
\Fld@listcount=\count99
\c@bookmark@seq@number=\count100

(/usr/local/texlive/2012/texmf-dist/tex/latex/oberdiek/rerunfilecheck.sty
Package: rerunfilecheck 2011/04/15 v1.7 Rerun checks for auxiliary files (HO)
Package uniquecounter Info: New unique counter `rerunfilecheck' on input line 2
82.
)
\Hy@SectionHShift=\skip43
)
(/usr/local/texlive/2012/texmf-dist/tex/latex/graphics/color.sty
Package: color 2005/11/14 v1.0j Standard LaTeX Color (DPC)

(/usr/local/texlive/2012/texmf-dist/tex/latex/latexconfig/color.cfg
File: color.cfg 2007/01/18 v1.5 color configuration of teTeX/TeXLive
)
Package color Info: Driver file: pdftex.def on input line 130.
)
(/usr/local/texlive/2012/texmf-dist/tex/latex/setspace/setspace.sty
Package: setspace 2011/12/19 v6.7a set line spacing
)
(/usr/local/texlive/2012/texmf-dist/tex/latex/tools/enumerate.sty
Package: enumerate 1999/03/05 v3.00 enumerate extensions (DPC)
\@enLab=\toks17
)
(/usr/local/texlive/2012/texmf-dist/tex/latex/paralist/paralist.sty
Package: paralist 2002/03/18 v2.3b Extended list environments (BS)
\pltopsep=\skip44
\plpartopsep=\skip45
\plitemsep=\skip46
\plparsep=\skip47
\pl@lab=\toks18
)
(/usr/local/texlive/2012/texmf-dist/tex/latex/listings/listings.sty
\lst@mode=\count101
\lst@gtempboxa=\box26
\lst@token=\toks19
\lst@length=\count102
\lst@currlwidth=\dimen116
\lst@column=\count103
\lst@pos=\count104
\lst@lostspace=\dimen117
\lst@width=\dimen118
\lst@newlines=\count105
\lst@lineno=\count106
\lst@maxwidth=\dimen119

(/usr/local/texlive/2012/texmf-dist/tex/latex/listings/lstmisc.sty
File: lstmisc.sty 2007/02/22 1.4 (Carsten Heinz)
\c@lstnumber=\count107
\lst@skipnumbers=\count108
\lst@framebox=\box27
)
(/usr/local/texlive/2012/texmf-dist/tex/latex/listings/listings.cfg
File: listings.cfg 2007/02/22 1.4 listings configuration
))
Package: listings 2007/02/22 1.4 (Carsten Heinz)


LaTeX Warning: Unused global option(s):
    [fullpage,doublespace].

(./paper.aux)
\openout1 = `paper.aux'.

LaTeX Font Info:    Checking defaults for OML/cmm/m/it on input line 42.
LaTeX Font Info:    ... okay on input line 42.
LaTeX Font Info:    Checking defaults for T1/cmr/m/n on input line 42.
LaTeX Font Info:    ... okay on input line 42.
LaTeX Font Info:    Checking defaults for OT1/cmr/m/n on input line 42.
LaTeX Font Info:    ... okay on input line 42.
LaTeX Font Info:    Checking defaults for OMS/cmsy/m/n on input line 42.
LaTeX Font Info:    ... okay on input line 42.
LaTeX Font Info:    Checking defaults for OMX/cmex/m/n on input line 42.
LaTeX Font Info:    ... okay on input line 42.
LaTeX Font Info:    Checking defaults for U/cmr/m/n on input line 42.
LaTeX Font Info:    ... okay on input line 42.
LaTeX Font Info:    Checking defaults for PD1/pdf/m/n on input line 42.
LaTeX Font Info:    ... okay on input line 42.

*geometry* driver: auto-detecting
*geometry* detected driver: pdftex
*geometry* verbose mode - [ preamble ] result:
* driver: pdftex
* paper: letterpaper
* layout: <same size as paper>
* layoutoffset:(h,v)=(0.0pt,0.0pt)
* modes: 
* h-part:(L,W,R)=(92.14519pt, 430.00462pt, 92.14519pt)
* v-part:(T,H,B)=(95.39737pt, 556.47656pt, 143.09605pt)
* \paperwidth=614.295pt
* \paperheight=794.96999pt
* \textwidth=430.00462pt
* \textheight=556.47656pt
* \oddsidemargin=19.8752pt
* \evensidemargin=19.8752pt
* \topmargin=-13.87262pt
* \headheight=12.0pt
* \headsep=25.0pt
* \topskip=11.0pt
* \footskip=30.0pt
* \marginparwidth=59.0pt
* \marginparsep=10.0pt
* \columnsep=10.0pt
* \skip\footins=10.0pt plus 4.0pt minus 2.0pt
* \hoffset=0.0pt
* \voffset=0.0pt
* \mag=1000
* \@twocolumnfalse
* \@twosidefalse
* \@mparswitchfalse
* \@reversemarginfalse
* (1in=72.27pt=25.4mm, 1cm=28.453pt)

(/usr/local/texlive/2012/texmf-dist/tex/context/base/supp-pdf.mkii
[Loading MPS to PDF converter (version 2006.09.02).]
\scratchcounter=\count109
\scratchdimen=\dimen120
\scratchbox=\box28
\nofMPsegments=\count110
\nofMParguments=\count111
\everyMPshowfont=\toks20
\MPscratchCnt=\count112
\MPscratchDim=\dimen121
\MPnumerator=\count113
\makeMPintoPDFobject=\count114
\everyMPtoPDFconversion=\toks21
) (/usr/local/texlive/2012/texmf-dist/tex/latex/oberdiek/epstopdf-base.sty
Package: epstopdf-base 2010/02/09 v2.5 Base part for package epstopdf

(/usr/local/texlive/2012/texmf-dist/tex/latex/oberdiek/grfext.sty
Package: grfext 2010/08/19 v1.1 Manage graphics extensions (HO)
)
Package grfext Info: Graphics extension search list:
(grfext)             [.png,.pdf,.jpg,.mps,.jpeg,.jbig2,.jb2,.PNG,.PDF,.JPG,.JPE
G,.JBIG2,.JB2,.eps]
(grfext)             \AppendGraphicsExtensions on input line 452.

(/usr/local/texlive/2012/texmf-dist/tex/latex/latexconfig/epstopdf-sys.cfg
File: epstopdf-sys.cfg 2010/07/13 v1.3 Configuration of (r)epstopdf for TeX Liv
e
))
\AtBeginShipoutBox=\box29
Package hyperref Info: Link coloring OFF on input line 42.

(/usr/local/texlive/2012/texmf-dist/tex/latex/hyperref/nameref.sty
Package: nameref 2010/04/30 v2.40 Cross-referencing by name of section

(/usr/local/texlive/2012/texmf-dist/tex/generic/oberdiek/gettitlestring.sty
Package: gettitlestring 2010/12/03 v1.4 Cleanup title references (HO)
)
\c@section@level=\count115
)
LaTeX Info: Redefining \ref on input line 42.
LaTeX Info: Redefining \pageref on input line 42.
LaTeX Info: Redefining \nameref on input line 42.

(./paper.out) (./paper.out)
\@outlinefile=\write3
\openout3 = `paper.out'.

\c@lstlisting=\count116
LaTeX Font Info:    Try loading font information for U+msa on input line 44.

(/usr/local/texlive/2012/texmf-dist/tex/latex/amsfonts/umsa.fd
File: umsa.fd 2009/06/22 v3.00 AMS symbols A
)
LaTeX Font Info:    Try loading font information for U+msb on input line 44.

(/usr/local/texlive/2012/texmf-dist/tex/latex/amsfonts/umsb.fd
File: umsb.fd 2009/06/22 v3.00 AMS symbols B
) [1

{/usr/local/texlive/2012/texmf-var/fonts/map/pdftex/updmap/pdftex.map}] [2]
<esri.png, id=63, 501.875pt x 298.11375pt>
File: esri.png Graphic file (type png)
 <use esri.png>
Package pdftex.def Info: esri.png used on input line 64.
(pdftex.def)             Requested size: 252.94499pt x 150.25285pt.

<architecture.png, id=67, 977.6525pt x 457.71pt>
File: architecture.png Graphic file (type png)
 <use architecture.png>
Package pdftex.def Info: architecture.png used on input line 76.
(pdftex.def)             Requested size: 433.62pt x 203.01334pt.

Overfull \hbox (3.61537pt too wide) in paragraph at lines 76--77
 [] 
 []

[3 <./esri.png>] [4 <./architecture.png>]
<ivorycoastvoronoi.png, id=85, 502.87875pt x 501.875pt>
File: ivorycoastvoronoi.png Graphic file (type png)

<use ivorycoastvoronoi.png>
Package pdftex.def Info: ivorycoastvoronoi.png used on input line 100.
(pdftex.def)             Requested size: 289.07999pt x 288.4993pt.

<abidjanvoronoi.png, id=86, 501.875pt x 503.8825pt>
File: abidjanvoronoi.png Graphic file (type png)
 <use abidjanvoronoi.png>
Package pdftex.def Info: abidjanvoronoi.png used on input line 108.
(pdftex.def)             Requested size: 289.07999pt x 290.253pt.

[5] [6 <./ivorycoastvoronoi.png>] [7 <./abidjanvoronoi.png>] [8] [9]
Missing character: There is no š in font cmr10!

(/usr/local/texlive/2012/texmf-dist/tex/latex/listings/lstlang1.sty
File: lstlang1.sty 2004/09/05 1.3 listings language file
)
(/usr/local/texlive/2012/texmf-dist/tex/latex/listings/lstmisc.sty
File: lstmisc.sty 2007/02/22 1.4 (Carsten Heinz)
) [10]
[11] [12] [13]
(/usr/local/texlive/2012/texmf-dist/tex/latex/listings/lstlang1.sty
File: lstlang1.sty 2004/09/05 1.3 listings language file
)
(/usr/local/texlive/2012/texmf-dist/tex/latex/listings/lstlang2.sty
File: lstlang2.sty 2004/09/05 1.3 listings language file
) [14]
(/usr/local/texlive/2012/texmf-dist/tex/latex/listings/lstlang1.sty
File: lstlang1.sty 2004/09/05 1.3 listings language file
)
Overfull \hbox (37.92403pt too wide) in paragraph at lines 405--406
[][][][] 
 []


Overfull \hbox (37.92403pt too wide) in paragraph at lines 410--412
[][][][] 
 []

[15]
Overfull \hbox (37.92403pt too wide) in paragraph at lines 420--421
[][][][] 
 []


Overfull \hbox (37.92403pt too wide) in paragraph at lines 422--423
[][][][] 
 []


Overfull \hbox (37.92403pt too wide) in paragraph at lines 428--429
[][][][] 
 []


Overfull \hbox (37.92403pt too wide) in paragraph at lines 430--431
[][][][] 
 []


Overfull \hbox (37.92403pt too wide) in paragraph at lines 434--435
[][][][] 
 []


Overfull \hbox (37.92403pt too wide) in paragraph at lines 437--438
[][][][] 
 []


Overfull \hbox (37.92403pt too wide) in paragraph at lines 442--443
[][][][] 
 []

[16]
Overfull \hbox (37.92403pt too wide) in paragraph at lines 444--445
[][][][] 
 []


Overfull \hbox (37.92403pt too wide) in paragraph at lines 466--467
[][][][] 
 []


Overfull \hbox (37.92403pt too wide) in paragraph at lines 468--469
[][][][] 
 []


Overfull \hbox (37.92403pt too wide) in paragraph at lines 481--482
[][][][] 
 []

[17]
Overfull \hbox (37.92403pt too wide) in paragraph at lines 483--484
[][][][] 
 []


Overfull \hbox (37.92403pt too wide) in paragraph at lines 488--489
[][][][] 
 []


Overfull \hbox (37.92403pt too wide) in paragraph at lines 490--491
[][][][] 
 []

[18]
Overfull \hbox (37.92403pt too wide) in paragraph at lines 522--523
[][][][] 
 []


Overfull \hbox (37.92403pt too wide) in paragraph at lines 524--525
[][][][] 
 []


Overfull \hbox (37.92403pt too wide) in paragraph at lines 543--544
[][][][] 
 []


Overfull \hbox (37.92403pt too wide) in paragraph at lines 545--546
[][][][] 
 []

[19]
Overfull \hbox (37.92403pt too wide) in paragraph at lines 562--563
[][][][] 
 []


Overfull \hbox (37.92403pt too wide) in paragraph at lines 564--565
[][][][] 
 []


Overfull \hbox (37.92403pt too wide) in paragraph at lines 575--576
[][][][] 
 []


Overfull \hbox (37.92403pt too wide) in paragraph at lines 581--583
[][][][] 
 []


Overfull \hbox (37.92403pt too wide) in paragraph at lines 586--587
[][][][] 
 []


Overfull \hbox (37.92403pt too wide) in paragraph at lines 589--590
[][][][] 
 []

[20]
Overfull \hbox (37.92403pt too wide) in paragraph at lines 600--601
[][][][] 
 []


Overfull \hbox (37.92403pt too wide) in paragraph at lines 602--603
[][][][] 
 []


Overfull \hbox (37.92403pt too wide) in paragraph at lines 611--612
[][][][] 
 []


Overfull \hbox (37.92403pt too wide) in paragraph at lines 613--614
[][][][] 
 []


Overfull \hbox (37.92403pt too wide) in paragraph at lines 624--625
[][][][] 
 []

[21]
Overfull \hbox (37.92403pt too wide) in paragraph at lines 626--627
[][][][] 
 []


Overfull \hbox (37.92403pt too wide) in paragraph at lines 666--667
[][][][] 
 []

[22]
Overfull \hbox (37.92403pt too wide) in paragraph at lines 668--669
[][][][] 
 []


Overfull \hbox (37.92403pt too wide) in paragraph at lines 678--679
[][][][] 
 []


Overfull \hbox (37.92403pt too wide) in paragraph at lines 680--681
[][][][] 
 []


Overfull \hbox (37.92403pt too wide) in paragraph at lines 684--685
[][][][] 
 []


Overfull \hbox (37.92403pt too wide) in paragraph at lines 687--688
[][][][] 
 []

[23]
Overfull \hbox (37.92403pt too wide) in paragraph at lines 701--702
[][][][] 
 []


Overfull \hbox (37.92403pt too wide) in paragraph at lines 703--704
[][][][] 
 []


Overfull \hbox (37.92403pt too wide) in paragraph at lines 709--710
[][][][] 
 []


Overfull \hbox (37.92403pt too wide) in paragraph at lines 711--712
[][][][] 
 []


Overfull \hbox (37.92403pt too wide) in paragraph at lines 731--732
[][][][] 
 []


Overfull \hbox (37.92403pt too wide) in paragraph at lines 733--734
[][][][] 
 []

[24]
Overfull \hbox (37.92403pt too wide) in paragraph at lines 744--745
[][][][] 
 []


Overfull \hbox (37.92403pt too wide) in paragraph at lines 749--751
[][][][] 
 []


Overfull \hbox (37.92403pt too wide) in paragraph at lines 760--761
[][][][] 
 []


Overfull \hbox (37.92403pt too wide) in paragraph at lines 762--763
[][][][] 
 []


Overfull \hbox (37.92403pt too wide) in paragraph at lines 765--766
[][][][] 
 []


Overfull \hbox (37.92403pt too wide) in paragraph at lines 767--768
[][][][] 
 []

[25]
Overfull \hbox (37.92403pt too wide) in paragraph at lines 771--772
[][][][] 
 []


Overfull \hbox (37.92403pt too wide) in paragraph at lines 774--775
[][][][] 
 []


Overfull \hbox (37.92403pt too wide) in paragraph at lines 779--780
[][][][] 
 []


Overfull \hbox (37.92403pt too wide) in paragraph at lines 781--782
[][][][] 
 []

[26]
Overfull \hbox (37.92403pt too wide) in paragraph at lines 809--810
[][][][] 
 []


Overfull \hbox (37.92403pt too wide) in paragraph at lines 811--812
[][][][] 
 []


Overfull \hbox (37.92403pt too wide) in paragraph at lines 824--825
[][][][] 
 []


Overfull \hbox (37.92403pt too wide) in paragraph at lines 826--827
[][][][] 
 []


Overfull \hbox (37.92403pt too wide) in paragraph at lines 831--832
[][][][] 
 []


Overfull \hbox (37.92403pt too wide) in paragraph at lines 833--834
[][][][] 
 []

[27]
Overfull \hbox (37.92403pt too wide) in paragraph at lines 843--844
[][][][] 
 []


Overfull \hbox (37.92403pt too wide) in paragraph at lines 845--846
[][][][] 
 []


Overfull \hbox (37.92403pt too wide) in paragraph at lines 857--858
[][][][] 
 []


Overfull \hbox (37.92403pt too wide) in paragraph at lines 859--860
[][][][] 
 []


Overfull \hbox (37.92403pt too wide) in paragraph at lines 870--871
[][][][] 
 []

[28]
Overfull \hbox (37.92403pt too wide) in paragraph at lines 872--873
[][][][] 
 []


Overfull \hbox (37.92403pt too wide) in paragraph at lines 879--880
[][][][] 
 []


Overfull \hbox (37.92403pt too wide) in paragraph at lines 881--882
[][][][] 
 []

Package atveryend Info: Empty hook `BeforeClearDocument' on input line 889.
[29]
Package atveryend Info: Empty hook `AfterLastShipout' on input line 889.
 (./paper.aux)
Package atveryend Info: Executing hook `AtVeryEndDocument' on input line 889.
Package atveryend Info: Executing hook `AtEndAfterFileList' on input line 889.
Package rerunfilecheck Info: File `paper.out' has not changed.
(rerunfilecheck)             Checksum: 4D0BA8007E41F5EA4B18DD5689451C5D;629.
Package atveryend Info: Empty hook `AtVeryVeryEnd' on input line 889.
 ) 
Here is how much of TeX's memory you used:
 8423 strings out of 493488
 122759 string characters out of 3141326
 485937 words of memory out of 3000000
 10894 multiletter control sequences out of 15000+200000
 13038 words of font info for 49 fonts, out of 3000000 for 9000
 957 hyphenation exceptions out of 8191
 29i,6n,51p,1174b,1968s stack positions out of 5000i,500n,10000p,200000b,50000s
</usr/local/texlive/2012/texmf-dist/fonts/type1/public/amsfonts/cm/cmbx10.pfb
></usr/local/texlive/2012/texmf-dist/fonts/type1/public/amsfonts/cm/cmbx12.pfb>
</usr/local/texlive/2012/texmf-dist/fonts/type1/public/amsfonts/cm/cmbxti10.pfb
></usr/local/texlive/2012/texmf-dist/fonts/type1/public/amsfonts/cm/cmr10.pfb><
/usr/local/texlive/2012/texmf-dist/fonts/type1/public/amsfonts/cm/cmr12.pfb></u
sr/local/texlive/2012/texmf-dist/fonts/type1/public/amsfonts/cm/cmr17.pfb></usr
/local/texlive/2012/texmf-dist/fonts/type1/public/amsfonts/cm/cmti10.pfb></usr/
local/texlive/2012/texmf-dist/fonts/type1/public/amsfonts/cm/cmti12.pfb></usr/l
ocal/texlive/2012/texmf-dist/fonts/type1/public/amsfonts/cm/cmtt10.pfb></usr/lo
cal/texlive/2012/texmf-dist/fonts/type1/public/amsfonts/cm/cmtt9.pfb>
Output written on paper.pdf (29 pages, 1504788 bytes).
PDF statistics:
 1105 PDF objects out of 1200 (max. 8388607)
 1049 compressed objects within 11 object streams
 747 named destinations out of 1000 (max. 500000)
 101 words of extra memory for PDF output out of 10000 (max. 10000000)

